mode: set
github.com/e6a5/learning/backend/05-testing-basics/models/user.go:29.45,31.2 1 1
github.com/e6a5/learning/backend/05-testing-basics/models/user.go:34.61,35.39 1 1
github.com/e6a5/learning/backend/05-testing-basics/models/user.go:35.39,40.3 1 1
github.com/e6a5/learning/backend/05-testing-basics/models/user.go:42.2,42.25 1 1
github.com/e6a5/learning/backend/05-testing-basics/models/user.go:42.25,47.3 1 1
github.com/e6a5/learning/backend/05-testing-basics/models/user.go:49.2,49.40 1 1
github.com/e6a5/learning/backend/05-testing-basics/models/user.go:49.40,54.3 1 1
github.com/e6a5/learning/backend/05-testing-basics/models/user.go:56.2,56.30 1 1
github.com/e6a5/learning/backend/05-testing-basics/models/user.go:56.30,61.3 1 1
github.com/e6a5/learning/backend/05-testing-basics/models/user.go:63.2,63.12 1 1
github.com/e6a5/learning/backend/05-testing-basics/models/user.go:67.50,74.2 1 1
github.com/e6a5/learning/backend/05-testing-basics/models/user.go:77.38,80.2 2 1
github.com/e6a5/learning/backend/05-testing-basics/models/user.go:83.30,85.2 1 1
github.com/e6a5/learning/backend/05-testing-basics/models/user.go:88.41,92.2 1 1
